<?xml version="1.0" encoding="UTF-8"?>
<!-- Generated by org.testng.reporters.JUnitXMLReporter -->
<testsuite ignored="0" hostname="ISW-230323-1218" failures="1" tests="11" name="Recharge" time="858.784" errors="0" timestamp="25 Oct 2023 14:06:24 GMT">
  <testcase classname="com.rebirthQuickteller.TestCases.Recharge" name="InvalidphoneNumberAirtimeRecharge" time="7.795"/>
  <testcase classname="com.rebirthQuickteller.TestCases.Recharge" name="QTAccountAirtimeRechargeWithInvalidTransactionPin" time="11.751"/>
  <testcase classname="com.rebirthQuickteller.TestCases.Recharge" name="QTAccountGloAirtimeRecharge" time="21.556"/>
  <testcase classname="com.rebirthQuickteller.TestCases.Recharge" name="QTAccountMtnAirtimeRecharge" time="55.567"/>
  <testcase classname="com.rebirthQuickteller.TestCases.Recharge" name="QTAccountAirtelAirtimeRecharge" time="526.456">
    <failure type="org.openqa.selenium.TimeoutException" message="Expected condition failed: waiting for visibility of element located by By.xpath: //p[contains(.,&amp;apos;Airtime Purchase Successful!&amp;apos;)] (tried for 30 second(s) with 500 milliseconds interval)">
      <![CDATA[org.openqa.selenium.TimeoutException: Expected condition failed: waiting for visibility of element located by By.xpath: //p[contains(.,'Airtime Purchase Successful!')] (tried for 30 second(s) with 500 milliseconds interval)
at org.openqa.selenium.support.ui.WebDriverWait.timeoutException(WebDriverWait.java:95)
at org.openqa.selenium.support.ui.FluentWait.until(FluentWait.java:272)
at pages.RechargePageObjects.SuccessfulRechargeAssertion(RechargePageObjects.java:157)
at com.rebirthQuickteller.TestCases.Recharge.QTAccountAirtelAirtimeRecharge(Recharge.java:161)
Caused by: org.openqa.selenium.NoSuchElementException: no such element: Unable to locate element: {"method":"xpath","selector":"//p[contains(.,'Airtime Purchase Successful!')]"}
  (Session info: headless chrome=118.0.5993.89)
For documentation on this error, please visit: https://www.seleniumhq.org/exceptions/no_such_element.html
Build info: version: '3.141.59', revision: 'e82be7d358', time: '2018-11-14T08:17:03'
System info: host: 'ISW-230323-1218', ip: '192.168.1.46', os.name: 'Windows 10', os.arch: 'amd64', os.version: '10.0', java.version: '17.0.6'
Driver info: org.openqa.selenium.chrome.ChromeDriver
Capabilities {acceptInsecureCerts: false, browserName: chrome, browserVersion: 118.0.5993.89, chrome: {chromedriverVersion: 118.0.5993.88 (1d05652f52a5..., userDataDir: C:\Users\ADEMOL~1.OYE\AppDa...}, fedcm:accounts: true, goog:chromeOptions: {debuggerAddress: localhost:57517}, javascriptEnabled: true, networkConnectionEnabled: false, pageLoadStrategy: normal, platform: WINDOWS, platformName: WINDOWS, proxy: Proxy(), setWindowRect: true, strictFileInteractability: false, timeouts: {implicit: 0, pageLoad: 300000, script: 30000}, unhandledPromptBehavior: dismiss and notify, webauthn:extension:credBlob: true, webauthn:extension:largeBlob: true, webauthn:extension:minPinLength: true, webauthn:extension:prf: true, webauthn:virtualAuthenticators: true}
Session ID: 7ed6a012eeaa88d0877e3850f7c5bbbd
*** Element info: {Using=xpath, value=//p[contains(.,'Airtime Purchase Successful!')]}
at org.openqa.selenium.remote.http.W3CHttpResponseCodec.createException(W3CHttpResponseCodec.java:187)
at org.openqa.selenium.remote.http.W3CHttpResponseCodec.decode(W3CHttpResponseCodec.java:122)
at org.openqa.selenium.remote.http.W3CHttpResponseCodec.decode(W3CHttpResponseCodec.java:49)
at org.openqa.selenium.remote.HttpCommandExecutor.execute(HttpCommandExecutor.java:158)
at org.openqa.selenium.remote.service.DriverCommandExecutor.execute(DriverCommandExecutor.java:83)
at org.openqa.selenium.remote.RemoteWebDriver.execute(RemoteWebDriver.java:552)
at org.openqa.selenium.remote.RemoteWebDriver.findElement(RemoteWebDriver.java:323)
at org.openqa.selenium.remote.RemoteWebDriver.findElementByXPath(RemoteWebDriver.java:428)
at org.openqa.selenium.By$ByXPath.findElement(By.java:353)
at org.openqa.selenium.remote.RemoteWebDriver.findElement(RemoteWebDriver.java:315)
at org.openqa.selenium.support.ui.ExpectedConditions$7.apply(ExpectedConditions.java:205)
at org.openqa.selenium.support.ui.ExpectedConditions$7.apply(ExpectedConditions.java:201)
at org.openqa.selenium.support.ui.FluentWait.until(FluentWait.java:249)
... 30 more
... Removed 33 stack frames]]>
    </failure>
  </testcase> <!-- QTAccountAirtelAirtimeRecharge -->
  <testcase classname="com.rebirthQuickteller.TestCases.Recharge" name="QTAccount9mobileAirtimeRecharge" time="38.14"/>
  <testcase classname="com.rebirthQuickteller.TestCases.Recharge" name="InsufficentFundQTAccountAirtimeRecharge" time="39.137"/>
  <testcase classname="com.rebirthQuickteller.TestCases.Recharge" name="ValidateAirtimeRechargeBelow50naira" time="19.934"/>
  <testcase classname="com.rebirthQuickteller.TestCases.Recharge" name="OneTouchAirtimeRecharge" time="43.112"/>
  <testcase classname="com.rebirthQuickteller.TestCases.Recharge" name="InsufficientFundOneTouchSelfRecharge" time="22.526"/>
  <testcase classname="com.rebirthQuickteller.TestCases.Recharge" name="CardAirtimeRecharge" time="50.12"/>
</testsuite> <!-- Recharge -->
