<html>
<head>
<title>TestNG:  SignUp</title>
<link href="../testng.css" rel="stylesheet" type="text/css" />
<link href="../my-testng.css" rel="stylesheet" type="text/css" />

<style type="text/css">
.log { display: none;} 
.stack-trace { display: none;} 
</style>
<script type="text/javascript">
<!--
function flip(e) {
  current = e.style.display;
  if (current == 'block') {
    e.style.display = 'none';
    return 0;
  }
  else {
    e.style.display = 'block';
    return 1;
  }
}

function toggleBox(szDivId, elem, msg1, msg2)
{
  var res = -1;  if (document.getElementById) {
    res = flip(document.getElementById(szDivId));
  }
  else if (document.all) {
    // this is the way old msie versions work
    res = flip(document.all[szDivId]);
  }
  if(elem) {
    if(res == 0) elem.innerHTML = msg1; else elem.innerHTML = msg2;
  }

}

function toggleAllBoxes() {
  if (document.getElementsByTagName) {
    d = document.getElementsByTagName('div');
    for (i = 0; i < d.length; i++) {
      if (d[i].className == 'log') {
        flip(d[i]);
      }
    }
  }
}

// -->
</script>

</head>
<body>
<h2 align='center'>SignUp</h2><table border='1' align="center">
<tr>
<td>Tests passed/Failed/Skipped:</td><td>13/2/0</td>
</tr><tr>
<td>Started on:</td><td>Wed Dec 06 11:43:20 WAT 2023</td>
</tr>
<tr><td>Total time:</td><td>430 seconds (430069 ms)</td>
</tr><tr>
<td>Included groups:</td><td></td>
</tr><tr>
<td>Excluded groups:</td><td></td>
</tr>
</table><p/>
<small><i>(Hover the method name to see the test class name)</i></small><p/>
<table width='100%' border='1' class='invocation-failed'>
<tr><td colspan='4' align='center'><b>FAILED TESTS</b></td></tr>
<tr><td><b>Test method</b></td>
<td width="30%"><b>Exception</b></td>
<td width="10%"><b>Time (seconds)</b></td>
<td><b>Instance</b></td>
</tr>
<tr>
<td title='com.rebirthQuickteller.TestCases.SignUp.AlreadyExistPhonenumberSignUp()'><b>AlreadyExistPhonenumberSignUp</b><br>Test class: com.rebirthQuickteller.TestCases.SignUp<br>Test method: This test case will verify user can't sign up with already exist phoneNumber<br/>
<a href="#Output-35864696" onClick='toggleBox("Output-35864696", this, "Show output", "Hide output");'>Show output</a>

<a href="#Output-35864696" onClick="toggleAllBoxes();">Show all outputs</a>
<div class='log' id="Output-35864696">
Test to verify user can't sign up with already exist phoneNumber started !!!<br/>
SignUp button clicked successfully<br/>
Sign up with phonenumber button clicked successfully<br/>
Search entered successfully<br/>
Country code selected successfully<br/>
phoneNumber entered successfully<br/>
ClickTermConditionButton clicked successfully<br/>
SignUp button clicked successfully<br/>
</div>
</td>
<td><div><pre>org.openqa.selenium.TimeoutException: Expected condition failed: waiting for visibility of element located by By.xpath: //p[contains(.,&apos;Account already exists&apos;)] (tried for 30 second(s) with 500 milliseconds interval)
	at org.openqa.selenium.support.ui.WebDriverWait.timeoutException(WebDriverWait.java:95)
	at org.openqa.selenium.support.ui.FluentWait.until(FluentWait.java:272)
	at pages.SignUpPageObjects.AlreadyExistphonenumberAssertion(SignUpPageObjects.java:251)
	at com.rebirthQuickteller.TestCases.SignUp.AlreadyExistPhonenumberSignUp(SignUp.java:33)
Caused by: org.openqa.selenium.NoSuchElementException: no such element: Unable to locate element: {&quot;method&quot;:&quot;xpath&quot;,&quot;selector&quot;:&quot;//p[contains(.,&apos;Account already exists&apos;)]&quot;}
  (Session info: chrome=119.0.6045.160)
For documentation on this error, please visit: https://www.seleniumhq.org/exceptions/no_such_element.html
Build info: version: &apos;3.141.59&apos;, revision: &apos;e82be7d358&apos;, time: &apos;2018-11-14T08:17:03&apos;
System info: host: &apos;ISW-230323-1218&apos;, ip: &apos;192.168.1.48&apos;, os.name: &apos;Windows 10&apos;, os.arch: &apos;amd64&apos;, os.version: &apos;10.0&apos;, java.version: &apos;17.0.6&apos;
Driver info: org.openqa.selenium.chrome.ChromeDriver
Capabilities {acceptInsecureCerts: false, browserName: chrome, browserVersion: 119.0.6045.160, chrome: {chromedriverVersion: 119.0.6045.105 (38c72552c5e..., userDataDir: C:\Users\ADEMOL~1.OYE\AppDa...}, fedcm:accounts: true, goog:chromeOptions: {debuggerAddress: localhost:63455}, javascriptEnabled: true, networkConnectionEnabled: false, pageLoadStrategy: normal, platform: WINDOWS, platformName: WINDOWS, proxy: Proxy(), setWindowRect: true, strictFileInteractability: false, timeouts: {implicit: 0, pageLoad: 300000, script: 30000}, unhandledPromptBehavior: dismiss and notify, webauthn:extension:credBlob: true, webauthn:extension:largeBlob: true, webauthn:extension:minPinLength: true, webauthn:extension:prf: true, webauthn:virtualAuthenticators: true}
Session ID: 22b641c00547450cf801ecd520d64042
*** Element info: {Using=xpath, value=//p[contains(.,&apos;Account already exists&apos;)]}
	at org.openqa.selenium.remote.http.W3CHttpResponseCodec.createException(W3CHttpResponseCodec.java:187)
	at org.openqa.selenium.remote.http.W3CHttpResponseCodec.decode(W3CHttpResponseCodec.java:122)
	at org.openqa.selenium.remote.http.W3CHttpResponseCodec.decode(W3CHttpResponseCodec.java:49)
	at org.openqa.selenium.remote.HttpCommandExecutor.execute(HttpCommandExecutor.java:158)
	at org.openqa.selenium.remote.service.DriverCommandExecutor.execute(DriverCommandExecutor.java:83)
	at org.openqa.selenium.remote.RemoteWebDriver.execute(RemoteWebDriver.java:552)
	at org.openqa.selenium.remote.RemoteWebDriver.findElement(RemoteWebDriver.java:323)
	at org.openqa.selenium.remote.RemoteWebDriver.findElementByXPath(RemoteWebDriver.java:428)
	at org.openqa.selenium.By$ByXPath.findElement(By.java:353)
	at org.openqa.selenium.remote.RemoteWebDriver.findElement(RemoteWebDriver.java:315)
	at org.openqa.selenium.support.ui.ExpectedConditions$7.apply(ExpectedConditions.java:205)
	at org.openqa.selenium.support.ui.ExpectedConditions$7.apply(ExpectedConditions.java:201)
	at org.openqa.selenium.support.ui.FluentWait.until(FluentWait.java:249)
	... 30 more
... Removed 33 stack frames</pre></div><a href='#' onClick='toggleBox("stack-trace35864696", this, "Click to show all stack frames", "Click to hide stack frames")'>Click to show all stack frames</a>
<div class='stack-trace' id='stack-trace35864696'><pre>org.openqa.selenium.TimeoutException: Expected condition failed: waiting for visibility of element located by By.xpath: //p[contains(.,&apos;Account already exists&apos;)] (tried for 30 second(s) with 500 milliseconds interval)
	at org.openqa.selenium.support.ui.WebDriverWait.timeoutException(WebDriverWait.java:95)
	at org.openqa.selenium.support.ui.FluentWait.until(FluentWait.java:272)
	at pages.SignUpPageObjects.AlreadyExistphonenumberAssertion(SignUpPageObjects.java:251)
	at com.rebirthQuickteller.TestCases.SignUp.AlreadyExistPhonenumberSignUp(SignUp.java:33)
	at java.base/jdk.internal.reflect.NativeMethodAccessorImpl.invoke0(Native Method)
	at java.base/jdk.internal.reflect.NativeMethodAccessorImpl.invoke(NativeMethodAccessorImpl.java:77)
	at java.base/jdk.internal.reflect.DelegatingMethodAccessorImpl.invoke(DelegatingMethodAccessorImpl.java:43)
	at java.base/java.lang.reflect.Method.invoke(Method.java:568)
	at org.testng.internal.MethodInvocationHelper.invokeMethod(MethodInvocationHelper.java:124)
	at org.testng.internal.Invoker.invokeMethod(Invoker.java:583)
	at org.testng.internal.Invoker.invokeTestMethod(Invoker.java:719)
	at org.testng.internal.Invoker.invokeTestMethods(Invoker.java:989)
	at org.testng.internal.TestMethodWorker.invokeTestMethods(TestMethodWorker.java:125)
	at org.testng.internal.TestMethodWorker.run(TestMethodWorker.java:109)
	at org.testng.TestRunner.privateRun(TestRunner.java:648)
	at org.testng.TestRunner.run(TestRunner.java:505)
	at org.testng.SuiteRunner.runTest(SuiteRunner.java:455)
	at org.testng.SuiteRunner.runSequentially(SuiteRunner.java:450)
	at org.testng.SuiteRunner.privateRun(SuiteRunner.java:415)
	at org.testng.SuiteRunner.run(SuiteRunner.java:364)
	at org.testng.SuiteRunnerWorker.runSuite(SuiteRunnerWorker.java:52)
	at org.testng.SuiteRunnerWorker.run(SuiteRunnerWorker.java:84)
	at org.testng.TestNG.runSuitesSequentially(TestNG.java:1208)
	at org.testng.TestNG.runSuitesLocally(TestNG.java:1137)
	at org.testng.TestNG.runSuites(TestNG.java:1049)
	at org.testng.TestNG.run(TestNG.java:1017)
	at org.apache.maven.surefire.testng.TestNGExecutor.run(TestNGExecutor.java:281)
	at org.apache.maven.surefire.testng.TestNGXmlTestSuite.execute(TestNGXmlTestSuite.java:75)
	at org.apache.maven.surefire.testng.TestNGProvider.invoke(TestNGProvider.java:121)
	at org.apache.maven.surefire.booter.ForkedBooter.invokeProviderInSameClassLoader(ForkedBooter.java:290)
	at org.apache.maven.surefire.booter.ForkedBooter.runSuitesInProcess(ForkedBooter.java:242)
	at org.apache.maven.surefire.booter.ForkedBooter.main(ForkedBooter.java:121)
Caused by: org.openqa.selenium.NoSuchElementException: no such element: Unable to locate element: {&quot;method&quot;:&quot;xpath&quot;,&quot;selector&quot;:&quot;//p[contains(.,&apos;Account already exists&apos;)]&quot;}
  (Session info: chrome=119.0.6045.160)
For documentation on this error, please visit: https://www.seleniumhq.org/exceptions/no_such_element.html
Build info: version: &apos;3.141.59&apos;, revision: &apos;e82be7d358&apos;, time: &apos;2018-11-14T08:17:03&apos;
System info: host: &apos;ISW-230323-1218&apos;, ip: &apos;192.168.1.48&apos;, os.name: &apos;Windows 10&apos;, os.arch: &apos;amd64&apos;, os.version: &apos;10.0&apos;, java.version: &apos;17.0.6&apos;
Driver info: org.openqa.selenium.chrome.ChromeDriver
Capabilities {acceptInsecureCerts: false, browserName: chrome, browserVersion: 119.0.6045.160, chrome: {chromedriverVersion: 119.0.6045.105 (38c72552c5e..., userDataDir: C:\Users\ADEMOL~1.OYE\AppDa...}, fedcm:accounts: true, goog:chromeOptions: {debuggerAddress: localhost:63455}, javascriptEnabled: true, networkConnectionEnabled: false, pageLoadStrategy: normal, platform: WINDOWS, platformName: WINDOWS, proxy: Proxy(), setWindowRect: true, strictFileInteractability: false, timeouts: {implicit: 0, pageLoad: 300000, script: 30000}, unhandledPromptBehavior: dismiss and notify, webauthn:extension:credBlob: true, webauthn:extension:largeBlob: true, webauthn:extension:minPinLength: true, webauthn:extension:prf: true, webauthn:virtualAuthenticators: true}
Session ID: 22b641c00547450cf801ecd520d64042
*** Element info: {Using=xpath, value=//p[contains(.,&apos;Account already exists&apos;)]}
	at java.base/jdk.internal.reflect.NativeConstructorAccessorImpl.newInstance0(Native Method)
	at java.base/jdk.internal.reflect.NativeConstructorAccessorImpl.newInstance(NativeConstructorAccessorImpl.java:77)
	at java.base/jdk.internal.reflect.DelegatingConstructorAccessorImpl.newInstance(DelegatingConstructorAccessorImpl.java:45)
	at java.base/java.lang.reflect.Constructor.newInstanceWithCaller(Constructor.java:499)
	at java.base/java.lang.reflect.Constructor.newInstance(Constructor.java:480)
	at org.openqa.selenium.remote.http.W3CHttpResponseCodec.createException(W3CHttpResponseCodec.java:187)
	at org.openqa.selenium.remote.http.W3CHttpResponseCodec.decode(W3CHttpResponseCodec.java:122)
	at org.openqa.selenium.remote.http.W3CHttpResponseCodec.decode(W3CHttpResponseCodec.java:49)
	at org.openqa.selenium.remote.HttpCommandExecutor.execute(HttpCommandExecutor.java:158)
	at org.openqa.selenium.remote.service.DriverCommandExecutor.execute(DriverCommandExecutor.java:83)
	at org.openqa.selenium.remote.RemoteWebDriver.execute(RemoteWebDriver.java:552)
	at org.openqa.selenium.remote.RemoteWebDriver.findElement(RemoteWebDriver.java:323)
	at org.openqa.selenium.remote.RemoteWebDriver.findElementByXPath(RemoteWebDriver.java:428)
	at org.openqa.selenium.By$ByXPath.findElement(By.java:353)
	at org.openqa.selenium.remote.RemoteWebDriver.findElement(RemoteWebDriver.java:315)
	at org.openqa.selenium.support.ui.ExpectedConditions$7.apply(ExpectedConditions.java:205)
	at org.openqa.selenium.support.ui.ExpectedConditions$7.apply(ExpectedConditions.java:201)
	at org.openqa.selenium.support.ui.FluentWait.until(FluentWait.java:249)
	... 30 more
</pre></div></td>
<td>44</td>
<td>com.rebirthQuickteller.TestCases.SignUp@39fcbef6</td></tr>
<tr>
<td title='com.rebirthQuickteller.TestCases.SignUp.InvalidPhonenumberSignUp()'><b>InvalidPhonenumberSignUp</b><br>Test class: com.rebirthQuickteller.TestCases.SignUp<br>Test method: This test case will check user can't signup using invalid phonenumber <br/>
<a href="#Output-648972298" onClick='toggleBox("Output-648972298", this, "Show output", "Hide output");'>Show output</a>

<a href="#Output-648972298" onClick="toggleAllBoxes();">Show all outputs</a>
<div class='log' id="Output-648972298">
Test to verify user can't signup using invalid phonenumber started !!!<br/>
SignUp button clicked successfully<br/>
Sign up with phonenumber button clicked successfully<br/>
Search entered successfully<br/>
</div>
</td>
<td><div><pre>org.openqa.selenium.NoSuchElementException: no such element: Unable to locate element: {&quot;method&quot;:&quot;css selector&quot;,&quot;selector&quot;:&quot;.item &gt; div&quot;}
  (Session info: chrome=119.0.6045.160)
For documentation on this error, please visit: https://www.seleniumhq.org/exceptions/no_such_element.html
Build info: version: &apos;3.141.59&apos;, revision: &apos;e82be7d358&apos;, time: &apos;2018-11-14T08:17:03&apos;
System info: host: &apos;ISW-230323-1218&apos;, ip: &apos;192.168.1.48&apos;, os.name: &apos;Windows 10&apos;, os.arch: &apos;amd64&apos;, os.version: &apos;10.0&apos;, java.version: &apos;17.0.6&apos;
Driver info: org.openqa.selenium.chrome.ChromeDriver
Capabilities {acceptInsecureCerts: false, browserName: chrome, browserVersion: 119.0.6045.160, chrome: {chromedriverVersion: 119.0.6045.105 (38c72552c5e..., userDataDir: C:\Users\ADEMOL~1.OYE\AppDa...}, fedcm:accounts: true, goog:chromeOptions: {debuggerAddress: localhost:63455}, javascriptEnabled: true, networkConnectionEnabled: false, pageLoadStrategy: normal, platform: WINDOWS, platformName: WINDOWS, proxy: Proxy(), setWindowRect: true, strictFileInteractability: false, timeouts: {implicit: 0, pageLoad: 300000, script: 30000}, unhandledPromptBehavior: dismiss and notify, webauthn:extension:credBlob: true, webauthn:extension:largeBlob: true, webauthn:extension:minPinLength: true, webauthn:extension:prf: true, webauthn:virtualAuthenticators: true}
Session ID: 22b641c00547450cf801ecd520d64042
*** Element info: {Using=css selector, value=.item &gt; div}
	at org.openqa.selenium.remote.http.W3CHttpResponseCodec.createException(W3CHttpResponseCodec.java:187)
	at org.openqa.selenium.remote.http.W3CHttpResponseCodec.decode(W3CHttpResponseCodec.java:122)
	at org.openqa.selenium.remote.http.W3CHttpResponseCodec.decode(W3CHttpResponseCodec.java:49)
	at org.openqa.selenium.remote.HttpCommandExecutor.execute(HttpCommandExecutor.java:158)
	at org.openqa.selenium.remote.service.DriverCommandExecutor.execute(DriverCommandExecutor.java:83)
	at org.openqa.selenium.remote.RemoteWebDriver.execute(RemoteWebDriver.java:552)
	at org.openqa.selenium.remote.RemoteWebDriver.findElement(RemoteWebDriver.java:323)
	at org.openqa.selenium.remote.RemoteWebDriver.findElementByCssSelector(RemoteWebDriver.java:420)
	at org.openqa.selenium.By$ByCssSelector.findElement(By.java:431)
	at org.openqa.selenium.remote.RemoteWebDriver.findElement(RemoteWebDriver.java:315)
	at com.rebirthQuickteller.base.TestBase.chooseElement(TestBase.java:131)
	at pages.SignUpPageObjects.SelectSearchedCountryCode(SignUpPageObjects.java:432)
	at com.rebirthQuickteller.TestCases.SignUp.InvalidPhonenumberSignUp(SignUp.java:46)
... Removed 33 stack frames</pre></div><a href='#' onClick='toggleBox("stack-trace648972298", this, "Click to show all stack frames", "Click to hide stack frames")'>Click to show all stack frames</a>
<div class='stack-trace' id='stack-trace648972298'><pre>org.openqa.selenium.NoSuchElementException: no such element: Unable to locate element: {&quot;method&quot;:&quot;css selector&quot;,&quot;selector&quot;:&quot;.item &gt; div&quot;}
  (Session info: chrome=119.0.6045.160)
For documentation on this error, please visit: https://www.seleniumhq.org/exceptions/no_such_element.html
Build info: version: &apos;3.141.59&apos;, revision: &apos;e82be7d358&apos;, time: &apos;2018-11-14T08:17:03&apos;
System info: host: &apos;ISW-230323-1218&apos;, ip: &apos;192.168.1.48&apos;, os.name: &apos;Windows 10&apos;, os.arch: &apos;amd64&apos;, os.version: &apos;10.0&apos;, java.version: &apos;17.0.6&apos;
Driver info: org.openqa.selenium.chrome.ChromeDriver
Capabilities {acceptInsecureCerts: false, browserName: chrome, browserVersion: 119.0.6045.160, chrome: {chromedriverVersion: 119.0.6045.105 (38c72552c5e..., userDataDir: C:\Users\ADEMOL~1.OYE\AppDa...}, fedcm:accounts: true, goog:chromeOptions: {debuggerAddress: localhost:63455}, javascriptEnabled: true, networkConnectionEnabled: false, pageLoadStrategy: normal, platform: WINDOWS, platformName: WINDOWS, proxy: Proxy(), setWindowRect: true, strictFileInteractability: false, timeouts: {implicit: 0, pageLoad: 300000, script: 30000}, unhandledPromptBehavior: dismiss and notify, webauthn:extension:credBlob: true, webauthn:extension:largeBlob: true, webauthn:extension:minPinLength: true, webauthn:extension:prf: true, webauthn:virtualAuthenticators: true}
Session ID: 22b641c00547450cf801ecd520d64042
*** Element info: {Using=css selector, value=.item &gt; div}
	at java.base/jdk.internal.reflect.NativeConstructorAccessorImpl.newInstance0(Native Method)
	at java.base/jdk.internal.reflect.NativeConstructorAccessorImpl.newInstance(NativeConstructorAccessorImpl.java:77)
	at java.base/jdk.internal.reflect.DelegatingConstructorAccessorImpl.newInstance(DelegatingConstructorAccessorImpl.java:45)
	at java.base/java.lang.reflect.Constructor.newInstanceWithCaller(Constructor.java:499)
	at java.base/java.lang.reflect.Constructor.newInstance(Constructor.java:480)
	at org.openqa.selenium.remote.http.W3CHttpResponseCodec.createException(W3CHttpResponseCodec.java:187)
	at org.openqa.selenium.remote.http.W3CHttpResponseCodec.decode(W3CHttpResponseCodec.java:122)
	at org.openqa.selenium.remote.http.W3CHttpResponseCodec.decode(W3CHttpResponseCodec.java:49)
	at org.openqa.selenium.remote.HttpCommandExecutor.execute(HttpCommandExecutor.java:158)
	at org.openqa.selenium.remote.service.DriverCommandExecutor.execute(DriverCommandExecutor.java:83)
	at org.openqa.selenium.remote.RemoteWebDriver.execute(RemoteWebDriver.java:552)
	at org.openqa.selenium.remote.RemoteWebDriver.findElement(RemoteWebDriver.java:323)
	at org.openqa.selenium.remote.RemoteWebDriver.findElementByCssSelector(RemoteWebDriver.java:420)
	at org.openqa.selenium.By$ByCssSelector.findElement(By.java:431)
	at org.openqa.selenium.remote.RemoteWebDriver.findElement(RemoteWebDriver.java:315)
	at com.rebirthQuickteller.base.TestBase.chooseElement(TestBase.java:131)
	at pages.SignUpPageObjects.SelectSearchedCountryCode(SignUpPageObjects.java:432)
	at com.rebirthQuickteller.TestCases.SignUp.InvalidPhonenumberSignUp(SignUp.java:46)
	at java.base/jdk.internal.reflect.NativeMethodAccessorImpl.invoke0(Native Method)
	at java.base/jdk.internal.reflect.NativeMethodAccessorImpl.invoke(NativeMethodAccessorImpl.java:77)
	at java.base/jdk.internal.reflect.DelegatingMethodAccessorImpl.invoke(DelegatingMethodAccessorImpl.java:43)
	at java.base/java.lang.reflect.Method.invoke(Method.java:568)
	at org.testng.internal.MethodInvocationHelper.invokeMethod(MethodInvocationHelper.java:124)
	at org.testng.internal.Invoker.invokeMethod(Invoker.java:583)
	at org.testng.internal.Invoker.invokeTestMethod(Invoker.java:719)
	at org.testng.internal.Invoker.invokeTestMethods(Invoker.java:989)
	at org.testng.internal.TestMethodWorker.invokeTestMethods(TestMethodWorker.java:125)
	at org.testng.internal.TestMethodWorker.run(TestMethodWorker.java:109)
	at org.testng.TestRunner.privateRun(TestRunner.java:648)
	at org.testng.TestRunner.run(TestRunner.java:505)
	at org.testng.SuiteRunner.runTest(SuiteRunner.java:455)
	at org.testng.SuiteRunner.runSequentially(SuiteRunner.java:450)
	at org.testng.SuiteRunner.privateRun(SuiteRunner.java:415)
	at org.testng.SuiteRunner.run(SuiteRunner.java:364)
	at org.testng.SuiteRunnerWorker.runSuite(SuiteRunnerWorker.java:52)
	at org.testng.SuiteRunnerWorker.run(SuiteRunnerWorker.java:84)
	at org.testng.TestNG.runSuitesSequentially(TestNG.java:1208)
	at org.testng.TestNG.runSuitesLocally(TestNG.java:1137)
	at org.testng.TestNG.runSuites(TestNG.java:1049)
	at org.testng.TestNG.run(TestNG.java:1017)
	at org.apache.maven.surefire.testng.TestNGExecutor.run(TestNGExecutor.java:281)
	at org.apache.maven.surefire.testng.TestNGXmlTestSuite.execute(TestNGXmlTestSuite.java:75)
	at org.apache.maven.surefire.testng.TestNGProvider.invoke(TestNGProvider.java:121)
	at org.apache.maven.surefire.booter.ForkedBooter.invokeProviderInSameClassLoader(ForkedBooter.java:290)
	at org.apache.maven.surefire.booter.ForkedBooter.runSuitesInProcess(ForkedBooter.java:242)
	at org.apache.maven.surefire.booter.ForkedBooter.main(ForkedBooter.java:121)
</pre></div></td>
<td>69</td>
<td>com.rebirthQuickteller.TestCases.SignUp@39fcbef6</td></tr>
</table><p>
<table width='100%' border='1' class='invocation-passed'>
<tr><td colspan='4' align='center'><b>PASSED TESTS</b></td></tr>
<tr><td><b>Test method</b></td>
<td width="30%"><b>Exception</b></td>
<td width="10%"><b>Time (seconds)</b></td>
<td><b>Instance</b></td>
</tr>
<tr>
<td title='com.rebirthQuickteller.TestCases.SignUp.CheckDateOfBirthIsRequiredToCompleteOnboarding()'><b>CheckDateOfBirthIsRequiredToCompleteOnboarding</b><br>Test class: com.rebirthQuickteller.TestCases.SignUp<br>Test method: This test case will check user must provide dateofbirth to complete Onboarding Process<br/>
<a href="#Output-1017375650" onClick='toggleBox("Output-1017375650", this, "Show output", "Hide output");'>Show output</a>

<a href="#Output-1017375650" onClick="toggleAllBoxes();">Show all outputs</a>
<div class='log' id="Output-1017375650">
Test to confirm user must provide dateofbirth to complete Onboarding Process started !!!<br/>
SignUp button clicked successfully<br/>
Sign up with phonenumber button clicked successfully<br/>
Search entered successfully<br/>
Country code selected successfully<br/>
phoneNumber entered successfully<br/>
ClickTermConditionButton clicked successfully<br/>
SignUp button clicked successfully<br/>
OTP entered successfully<br/>
password entered successfully<br/>
confirmPassword entered successfully<br/>
Next button clicked successfully<br/>
WelcometoQuickteller message asserted<br/>
Get Started button clicked successfully<br/>
FirstName_NAME entered successfully<br/>
LastName NAME entered successfully<br/>
Gender selected successfully<br/>
quickTag NAME entered successfully<br/>
RefferalName entered successfully<br/>
Test to confirm user must provide dateofbirth to complete Onboarding Process completed !!!<br/>
</div>
</td>
<td></td>
<td>30</td>
<td>com.rebirthQuickteller.TestCases.SignUp@39fcbef6</td></tr>
<tr>
<td title='com.rebirthQuickteller.TestCases.SignUp.CheckFirstNameIsRequiredToCompleteOnboarding()'><b>CheckFirstNameIsRequiredToCompleteOnboarding</b><br>Test class: com.rebirthQuickteller.TestCases.SignUp<br>Test method: This test case will check user must provide firstName to complete Onboarding Process<br/>
<a href="#Output-651433745" onClick='toggleBox("Output-651433745", this, "Show output", "Hide output");'>Show output</a>

<a href="#Output-651433745" onClick="toggleAllBoxes();">Show all outputs</a>
<div class='log' id="Output-651433745">
Test to confirm user must provide firstName to complete Onboarding Process started !!!<br/>
SignUp button clicked successfully<br/>
Sign up with phonenumber button clicked successfully<br/>
Search entered successfully<br/>
Country code selected successfully<br/>
phoneNumber entered successfully<br/>
ClickTermConditionButton clicked successfully<br/>
SignUp button clicked successfully<br/>
OTP entered successfully<br/>
password entered successfully<br/>
confirmPassword entered successfully<br/>
Next button clicked successfully<br/>
WelcometoQuickteller message asserted<br/>
Get Started button clicked successfully<br/>
LastName NAME entered successfully<br/>
Gender selected successfully<br/>
DateofBirth entered successfully<br/>
quickTag NAME entered successfully<br/>
RefferalName entered successfully<br/>
Test to confirm user must provide firstName to complete Onboarding Process completed !!!<br/>
</div>
</td>
<td></td>
<td>25</td>
<td>com.rebirthQuickteller.TestCases.SignUp@39fcbef6</td></tr>
<tr>
<td title='com.rebirthQuickteller.TestCases.SignUp.CheckGenderIsRequiredToCompleteOnboarding()'><b>CheckGenderIsRequiredToCompleteOnboarding</b><br>Test class: com.rebirthQuickteller.TestCases.SignUp<br>Test method: This test case will check user must provide gender to complete Onboarding Process<br/>
<a href="#Output-628831585" onClick='toggleBox("Output-628831585", this, "Show output", "Hide output");'>Show output</a>

<a href="#Output-628831585" onClick="toggleAllBoxes();">Show all outputs</a>
<div class='log' id="Output-628831585">
Test to confirm user must provide gender to complete Onboarding Process started !!!<br/>
SignUp button clicked successfully<br/>
Sign up with phonenumber button clicked successfully<br/>
Search entered successfully<br/>
Country code selected successfully<br/>
phoneNumber entered successfully<br/>
ClickTermConditionButton clicked successfully<br/>
SignUp button clicked successfully<br/>
OTP entered successfully<br/>
password entered successfully<br/>
confirmPassword entered successfully<br/>
Next button clicked successfully<br/>
WelcometoQuickteller message asserted<br/>
Get Started button clicked successfully<br/>
FirstName_NAME entered successfully<br/>
LastName NAME entered successfully<br/>
DateofBirth entered successfully<br/>
quickTag NAME entered successfully<br/>
RefferalName entered successfully<br/>
Test to confirm user must provide gender to complete Onboarding Process completed !!!<br/>
</div>
</td>
<td></td>
<td>42</td>
<td>com.rebirthQuickteller.TestCases.SignUp@39fcbef6</td></tr>
<tr>
<td title='com.rebirthQuickteller.TestCases.SignUp.CheckLastNameIsRequiredToCompleteOnboarding()'><b>CheckLastNameIsRequiredToCompleteOnboarding</b><br>Test class: com.rebirthQuickteller.TestCases.SignUp<br>Test method: This test case will check user must provide lastName to complete Onboarding Process<br/>
<a href="#Output-1685448568" onClick='toggleBox("Output-1685448568", this, "Show output", "Hide output");'>Show output</a>

<a href="#Output-1685448568" onClick="toggleAllBoxes();">Show all outputs</a>
<div class='log' id="Output-1685448568">
Test to confirm user must provide lastName to complete Onboarding Process started !!!<br/>
SignUp button clicked successfully<br/>
Sign up with phonenumber button clicked successfully<br/>
Search entered successfully<br/>
Country code selected successfully<br/>
phoneNumber entered successfully<br/>
ClickTermConditionButton clicked successfully<br/>
SignUp button clicked successfully<br/>
OTP entered successfully<br/>
password entered successfully<br/>
confirmPassword entered successfully<br/>
Next button clicked successfully<br/>
WelcometoQuickteller message asserted<br/>
Get Started button clicked successfully<br/>
FirstName_NAME entered successfully<br/>
Gender selected successfully<br/>
DateofBirth entered successfully<br/>
quickTag NAME entered successfully<br/>
RefferalName entered successfully<br/>
Test to confirm user must provide lastName to complete Onboarding Process completed !!!<br/>
</div>
</td>
<td></td>
<td>41</td>
<td>com.rebirthQuickteller.TestCases.SignUp@39fcbef6</td></tr>
<tr>
<td title='com.rebirthQuickteller.TestCases.SignUp.CheckPinMisMatchisNotPermmittedToCompleteOnboarding()'><b>CheckPinMisMatchisNotPermmittedToCompleteOnboarding</b><br>Test class: com.rebirthQuickteller.TestCases.SignUp<br>Test method: This test case will check user must provide match pin and confirm pin to complete Onboarding Process<br/>
<a href="#Output-1688710402" onClick='toggleBox("Output-1688710402", this, "Show output", "Hide output");'>Show output</a>

<a href="#Output-1688710402" onClick="toggleAllBoxes();">Show all outputs</a>
<div class='log' id="Output-1688710402">
Test to confirm user must provide match pin and confirm pin to complete Onboarding Process started !!!<br/>
SignUp button clicked successfully<br/>
Sign up with phonenumber button clicked successfully<br/>
Search entered successfully<br/>
Country code selected successfully<br/>
phoneNumber entered successfully<br/>
ClickTermConditionButton clicked successfully<br/>
SignUp button clicked successfully<br/>
OTP entered successfully<br/>
password entered successfully<br/>
confirmPassword entered successfully<br/>
Next button clicked successfully<br/>
WelcometoQuickteller message asserted<br/>
Get Started button clicked successfully<br/>
FirstName_NAME entered successfully<br/>
LastName NAME entered successfully<br/>
Gender selected successfully<br/>
DateofBirth entered successfully<br/>
quickTag NAME entered successfully<br/>
RefferalName entered successfully<br/>
Next button clicked successfully<br/>
Pin entered successfully<br/>
ConfirmPin entered successfully<br/>
SavePin button clicked successfully<br/>
Pin MisMatch error message Asserted<br/>
Test to confirm user must provide match pin and confirm pin to complete Onboarding Process completed !!!<br/>
</div>
</td>
<td></td>
<td>40</td>
<td>com.rebirthQuickteller.TestCases.SignUp@39fcbef6</td></tr>
<tr>
<td title='com.rebirthQuickteller.TestCases.SignUp.CheckPinRepetitiveisNotPermmittedToCompleteOnboarding()'><b>CheckPinRepetitiveisNotPermmittedToCompleteOnboarding</b><br>Test class: com.rebirthQuickteller.TestCases.SignUp<br>Test method: This test case will check user must provide pin and confirm pin that is not repetitive or sequential to complete Onboarding Process<br/>
<a href="#Output-2145041211" onClick='toggleBox("Output-2145041211", this, "Show output", "Hide output");'>Show output</a>

<a href="#Output-2145041211" onClick="toggleAllBoxes();">Show all outputs</a>
<div class='log' id="Output-2145041211">
Test to confirm user must provide pin and confirm pin that is not repetitive or sequential to complete Onboarding Process started !!!<br/>
SignUp button clicked successfully<br/>
Sign up with phonenumber button clicked successfully<br/>
Search entered successfully<br/>
Country code selected successfully<br/>
phoneNumber entered successfully<br/>
ClickTermConditionButton clicked successfully<br/>
SignUp button clicked successfully<br/>
OTP entered successfully<br/>
password entered successfully<br/>
confirmPassword entered successfully<br/>
Next button clicked successfully<br/>
WelcometoQuickteller message asserted<br/>
Get Started button clicked successfully<br/>
FirstName_NAME entered successfully<br/>
LastName NAME entered successfully<br/>
Gender selected successfully<br/>
DateofBirth entered successfully<br/>
RefferalName entered successfully<br/>
Next button clicked successfully<br/>
Pin entered successfully<br/>
ConfirmPin entered successfully<br/>
SavePin button clicked successfully<br/>
Pin Repetitive/Sequential error message Asserted<br/>
Test to confirm user must provide pin and confirm pin that is not repetitive or sequential to complete Onboarding Process completed !!!<br/>
</div>
</td>
<td></td>
<td>50</td>
<td>com.rebirthQuickteller.TestCases.SignUp@39fcbef6</td></tr>
<tr>
<td title='com.rebirthQuickteller.TestCases.SignUp.InvalidPasswordCheck1()'><b>InvalidPasswordCheck1</b><br>Test class: com.rebirthQuickteller.TestCases.SignUp<br>Test method: This test case will check user must provide password that Contain 1 Number<br/>
<a href="#Output-1155399955" onClick='toggleBox("Output-1155399955", this, "Show output", "Hide output");'>Show output</a>

<a href="#Output-1155399955" onClick="toggleAllBoxes();">Show all outputs</a>
<div class='log' id="Output-1155399955">
Test to confirm user must provide password that Contain 1 Number started !!!<br/>
SignUp button clicked successfully<br/>
Sign up with phonenumber button clicked successfully<br/>
Search entered successfully<br/>
Country code selected successfully<br/>
phoneNumber entered successfully<br/>
ClickTermConditionButton clicked successfully<br/>
SignUp button clicked successfully<br/>
OTP entered successfully<br/>
Passwordpage checked<br/>
password entered successfully<br/>
confirmPassword entered successfully<br/>
Password Must Contain 1 Number Assertion successful<br/>
Test to confirm user must provide password that Contain 1 Number completed !!!<br/>
</div>
</td>
<td></td>
<td>14</td>
<td>com.rebirthQuickteller.TestCases.SignUp@39fcbef6</td></tr>
<tr>
<td title='com.rebirthQuickteller.TestCases.SignUp.InvalidPasswordCheck2()'><b>InvalidPasswordCheck2</b><br>Test class: com.rebirthQuickteller.TestCases.SignUp<br>Test method: This test case will check user must provide password that Contain LowerCaseLetter<br/>
<a href="#Output-1257090913" onClick='toggleBox("Output-1257090913", this, "Show output", "Hide output");'>Show output</a>

<a href="#Output-1257090913" onClick="toggleAllBoxes();">Show all outputs</a>
<div class='log' id="Output-1257090913">
Test to confirm user must provide password that Contain LowerCaseLetter started !!!<br/>
password entered successfully<br/>
confirmPassword entered successfully<br/>
Password Must Contain LowerCase Letter Assertion successful<br/>
Test to confirm user must provide password that Contain LowerCaseLetter completed !!!<br/>
</div>
</td>
<td></td>
<td>0</td>
<td>com.rebirthQuickteller.TestCases.SignUp@39fcbef6</td></tr>
<tr>
<td title='com.rebirthQuickteller.TestCases.SignUp.InvalidPasswordCheck3()'><b>InvalidPasswordCheck3</b><br>Test class: com.rebirthQuickteller.TestCases.SignUp<br>Test method: This test case will check user must provide password that Contain UpperCaseLetter<br/>
<a href="#Output-1481853275" onClick='toggleBox("Output-1481853275", this, "Show output", "Hide output");'>Show output</a>

<a href="#Output-1481853275" onClick="toggleAllBoxes();">Show all outputs</a>
<div class='log' id="Output-1481853275">
Test to confirm user must provide password that Contain UpperCaseLetter started !!!<br/>
password entered successfully<br/>
confirmPassword entered successfully<br/>
Password Must Contain UpperCase Letter Assertion successful<br/>
Test to confirm user must provide password that Contain UpperCaseLetter completed !!!<br/>
</div>
</td>
<td></td>
<td>0</td>
<td>com.rebirthQuickteller.TestCases.SignUp@39fcbef6</td></tr>
<tr>
<td title='com.rebirthQuickteller.TestCases.SignUp.InvalidPasswordCheck4()'><b>InvalidPasswordCheck4</b><br>Test class: com.rebirthQuickteller.TestCases.SignUp<br>Test method: This test case will check user must provide the same password and confirmPassword<br/>
<a href="#Output-2121551683" onClick='toggleBox("Output-2121551683", this, "Show output", "Hide output");'>Show output</a>

<a href="#Output-2121551683" onClick="toggleAllBoxes();">Show all outputs</a>
<div class='log' id="Output-2121551683">
Test to confirm user must provide the same password and confirmPassword started !!!<br/>
password entered successfully<br/>
confirmPassword entered successfully<br/>
Password must match Assertion successful<br/>
Test to confirm user must provide the same password and confirmPassword completed !!!<br/>
</div>
</td>
<td></td>
<td>1</td>
<td>com.rebirthQuickteller.TestCases.SignUp@39fcbef6</td></tr>
<tr>
<td title='com.rebirthQuickteller.TestCases.SignUp.InvalidPasswordCheck5()'><b>InvalidPasswordCheck5</b><br>Test class: com.rebirthQuickteller.TestCases.SignUp<br>Test method: This test case will check user must provide password that contains 1 Special Character<br/>
<a href="#Output-507944445" onClick='toggleBox("Output-507944445", this, "Show output", "Hide output");'>Show output</a>

<a href="#Output-507944445" onClick="toggleAllBoxes();">Show all outputs</a>
<div class='log' id="Output-507944445">
Test to confirm user must provide password that contains 1 Special Character started !!!<br/>
password entered successfully<br/>
confirmPassword entered successfully<br/>
Password must match Assertion successful<br/>
Test to confirm user must provide password that contains 1 Special Character completed !!!<br/>
</div>
</td>
<td></td>
<td>0</td>
<td>com.rebirthQuickteller.TestCases.SignUp@39fcbef6</td></tr>
<tr>
<td title='com.rebirthQuickteller.TestCases.SignUp.InvalidPasswordCheck6()'><b>InvalidPasswordCheck6</b><br>Test class: com.rebirthQuickteller.TestCases.SignUp<br>Test method: This test case will check user must provide password that contains 8 Character<br/>
<a href="#Output-159190022" onClick='toggleBox("Output-159190022", this, "Show output", "Hide output");'>Show output</a>

<a href="#Output-159190022" onClick="toggleAllBoxes();">Show all outputs</a>
<div class='log' id="Output-159190022">
Test to confirm user must provide password that contains 8 Character started !!!<br/>
password entered successfully<br/>
confirmPassword entered successfully<br/>
Password Must Contain 8 Character Assertion successful<br/>
Test to confirm user must provide password that contains 8 Character completed !!!<br/>
</div>
</td>
<td></td>
<td>0</td>
<td>com.rebirthQuickteller.TestCases.SignUp@39fcbef6</td></tr>
<tr>
<td title='com.rebirthQuickteller.TestCases.SignUp.SignUpwithPhoneNumber()'><b>SignUpwithPhoneNumber</b><br>Test class: com.rebirthQuickteller.TestCases.SignUp<br>Test method: This test case will verify user can signup with phonenumber using valid credentials<br/>
<a href="#Output-237219729" onClick='toggleBox("Output-237219729", this, "Show output", "Hide output");'>Show output</a>

<a href="#Output-237219729" onClick="toggleAllBoxes();">Show all outputs</a>
<div class='log' id="Output-237219729">
Test to verify user can signup with phonenumber using valid credentials started !!!<br/>
SignUp button clicked successfully<br/>
Sign up with phonenumber button clicked successfully<br/>
Search entered successfully<br/>
Country code selected successfully<br/>
phoneNumber entered successfully<br/>
ClickTermConditionButton clicked successfully<br/>
SignUp button clicked successfully<br/>
OTP entered successfully<br/>
password entered successfully<br/>
confirmPassword entered successfully<br/>
Next button clicked successfully<br/>
WelcometoQuickteller message asserted<br/>
Get Started button clicked successfully<br/>
FirstName_NAME entered successfully<br/>
LastName NAME entered successfully<br/>
Gender selected successfully<br/>
DateofBirth entered successfully<br/>
RefferalName entered successfully<br/>
Next button clicked successfully<br/>
Profile Update success message Asserted<br/>
Pin entered successfully<br/>
ConfirmPin entered successfully<br/>
SavePin button clicked successfully<br/>
Pin set success message Asserted<br/>
Test to verify user can signup with phonenumber using valid credentials completed !!!<br/>
</div>
</td>
<td></td>
<td>33</td>
<td>com.rebirthQuickteller.TestCases.SignUp@39fcbef6</td></tr>
</table><p>
</body>
</html>