<?xml version="1.0" encoding="UTF-8"?>
<!-- Generated by org.testng.reporters.JUnitReportReporter -->
<testsuite hostname="ISW-230323-1218" failures="0" tests="12" name="com.rebirthQuickteller.TestCases.AirtimeRecharge" time="2.730" errors="1" timestamp="06 Dec 2023 10:57:43 GMT" skipped="11">
  <testcase classname="com.rebirthQuickteller.TestCases.AirtimeRecharge" name="setUp" time="2.730">
    <error message="unknown error: net::ERR_INTERNET_DISCONNECTED
  (Session info: chrome=119.0.6045.160)
Build info: version: &#039;3.141.59&#039;, revision: &#039;e82be7d358&#039;, time: &#039;2018-11-14T08:17:03&#039;
System info: host: &#039;ISW-230323-1218&#039;, ip: &#039;192.168.1.48&#039;, os.name: &#039;Windows 10&#039;, os.arch: &#039;amd64&#039;, os.version: &#039;10.0&#039;, java.version: &#039;17.0.6&#039;
Driver info: org.openqa.selenium.chrome.ChromeDriver
Capabilities {acceptInsecureCerts: false, browserName: chrome, browserVersion: 119.0.6045.160, chrome: {chromedriverVersion: 119.0.6045.105 (38c72552c5e..., userDataDir: C:\Users\ADEMOL~1.OYE\AppDa...}, fedcm:accounts: true, goog:chromeOptions: {debuggerAddress: localhost:64339}, javascriptEnabled: true, networkConnectionEnabled: false, pageLoadStrategy: normal, platform: WINDOWS, platformName: WINDOWS, proxy: Proxy(), setWindowRect: true, strictFileInteractability: false, timeouts: {implicit: 0, pageLoad: 300000, script: 30000}, unhandledPromptBehavior: dismiss and notify, webauthn:extension:credBlob: true, webauthn:extension:largeBlob: true, webauthn:extension:minPinLength: true, webauthn:extension:prf: true, webauthn:virtualAuthenticators: true}
Session ID: ce92a4c19d4bdd5425fb24994ca2a767" type="org.openqa.selenium.WebDriverException">
      <![CDATA[org.openqa.selenium.WebDriverException: unknown error: net::ERR_INTERNET_DISCONNECTED
  (Session info: chrome=119.0.6045.160)
Build info: version: '3.141.59', revision: 'e82be7d358', time: '2018-11-14T08:17:03'
System info: host: 'ISW-230323-1218', ip: '192.168.1.48', os.name: 'Windows 10', os.arch: 'amd64', os.version: '10.0', java.version: '17.0.6'
Driver info: org.openqa.selenium.chrome.ChromeDriver
Capabilities {acceptInsecureCerts: false, browserName: chrome, browserVersion: 119.0.6045.160, chrome: {chromedriverVersion: 119.0.6045.105 (38c72552c5e..., userDataDir: C:\Users\ADEMOL~1.OYE\AppDa...}, fedcm:accounts: true, goog:chromeOptions: {debuggerAddress: localhost:64339}, javascriptEnabled: true, networkConnectionEnabled: false, pageLoadStrategy: normal, platform: WINDOWS, platformName: WINDOWS, proxy: Proxy(), setWindowRect: true, strictFileInteractability: false, timeouts: {implicit: 0, pageLoad: 300000, script: 30000}, unhandledPromptBehavior: dismiss and notify, webauthn:extension:credBlob: true, webauthn:extension:largeBlob: true, webauthn:extension:minPinLength: true, webauthn:extension:prf: true, webauthn:virtualAuthenticators: true}
Session ID: ce92a4c19d4bdd5425fb24994ca2a767
at java.base/jdk.internal.reflect.NativeConstructorAccessorImpl.newInstance0(Native Method)
at java.base/jdk.internal.reflect.NativeConstructorAccessorImpl.newInstance(NativeConstructorAccessorImpl.java:77)
at java.base/jdk.internal.reflect.DelegatingConstructorAccessorImpl.newInstance(DelegatingConstructorAccessorImpl.java:45)
at java.base/java.lang.reflect.Constructor.newInstanceWithCaller(Constructor.java:499)
at java.base/java.lang.reflect.Constructor.newInstance(Constructor.java:480)
at org.openqa.selenium.remote.http.W3CHttpResponseCodec.createException(W3CHttpResponseCodec.java:187)
at org.openqa.selenium.remote.http.W3CHttpResponseCodec.decode(W3CHttpResponseCodec.java:122)
at org.openqa.selenium.remote.http.W3CHttpResponseCodec.decode(W3CHttpResponseCodec.java:49)
at org.openqa.selenium.remote.HttpCommandExecutor.execute(HttpCommandExecutor.java:158)
at org.openqa.selenium.remote.service.DriverCommandExecutor.execute(DriverCommandExecutor.java:83)
at org.openqa.selenium.remote.RemoteWebDriver.execute(RemoteWebDriver.java:552)
at org.openqa.selenium.remote.RemoteWebDriver.get(RemoteWebDriver.java:277)
at com.rebirthQuickteller.base.TestBase.setUp(TestBase.java:119)
at java.base/jdk.internal.reflect.NativeMethodAccessorImpl.invoke0(Native Method)
at java.base/jdk.internal.reflect.NativeMethodAccessorImpl.invoke(NativeMethodAccessorImpl.java:77)
at java.base/jdk.internal.reflect.DelegatingMethodAccessorImpl.invoke(DelegatingMethodAccessorImpl.java:43)
at java.base/java.lang.reflect.Method.invoke(Method.java:568)
at org.testng.internal.MethodInvocationHelper.invokeMethod(MethodInvocationHelper.java:124)
at org.testng.internal.MethodInvocationHelper.invokeMethodConsideringTimeout(MethodInvocationHelper.java:59)
at org.testng.internal.Invoker.invokeConfigurationMethod(Invoker.java:458)
at org.testng.internal.Invoker.invokeConfigurations(Invoker.java:222)
at org.testng.internal.Invoker.invokeConfigurations(Invoker.java:142)
at org.testng.internal.TestMethodWorker.invokeBeforeClassMethods(TestMethodWorker.java:168)
at org.testng.internal.TestMethodWorker.run(TestMethodWorker.java:105)
at org.testng.TestRunner.privateRun(TestRunner.java:648)
at org.testng.TestRunner.run(TestRunner.java:505)
at org.testng.SuiteRunner.runTest(SuiteRunner.java:455)
at org.testng.SuiteRunner.runSequentially(SuiteRunner.java:450)
at org.testng.SuiteRunner.privateRun(SuiteRunner.java:415)
at org.testng.SuiteRunner.run(SuiteRunner.java:364)
at org.testng.SuiteRunnerWorker.runSuite(SuiteRunnerWorker.java:52)
at org.testng.SuiteRunnerWorker.run(SuiteRunnerWorker.java:84)
at org.testng.TestNG.runSuitesSequentially(TestNG.java:1208)
at org.testng.TestNG.runSuitesLocally(TestNG.java:1137)
at org.testng.TestNG.runSuites(TestNG.java:1049)
at org.testng.TestNG.run(TestNG.java:1017)
at org.apache.maven.surefire.testng.TestNGExecutor.run(TestNGExecutor.java:281)
at org.apache.maven.surefire.testng.TestNGXmlTestSuite.execute(TestNGXmlTestSuite.java:75)
at org.apache.maven.surefire.testng.TestNGProvider.invoke(TestNGProvider.java:121)
at org.apache.maven.surefire.booter.ForkedBooter.invokeProviderInSameClassLoader(ForkedBooter.java:290)
at org.apache.maven.surefire.booter.ForkedBooter.runSuitesInProcess(ForkedBooter.java:242)
at org.apache.maven.surefire.booter.ForkedBooter.main(ForkedBooter.java:121)
]]>
    </error>
  </testcase> <!-- setUp -->
  <testcase classname="com.rebirthQuickteller.TestCases.AirtimeRecharge" name="InvalidphoneNumberAirtimeRecharge" time="0.000">
    <skipped/>
  </testcase> <!-- InvalidphoneNumberAirtimeRecharge -->
  <testcase classname="com.rebirthQuickteller.TestCases.AirtimeRecharge" name="QTAccountAirtimeRechargeWithInvalidTransactionPin" time="0.000">
    <skipped/>
  </testcase> <!-- QTAccountAirtimeRechargeWithInvalidTransactionPin -->
  <testcase classname="com.rebirthQuickteller.TestCases.AirtimeRecharge" name="QTAccountGloAirtimeRecharge" time="0.000">
    <skipped/>
  </testcase> <!-- QTAccountGloAirtimeRecharge -->
  <testcase classname="com.rebirthQuickteller.TestCases.AirtimeRecharge" name="QTAccountMtnAirtimeRecharge" time="0.000">
    <skipped/>
  </testcase> <!-- QTAccountMtnAirtimeRecharge -->
  <testcase classname="com.rebirthQuickteller.TestCases.AirtimeRecharge" name="QTAccountAirtelAirtimeRecharge" time="0.000">
    <skipped/>
  </testcase> <!-- QTAccountAirtelAirtimeRecharge -->
  <testcase classname="com.rebirthQuickteller.TestCases.AirtimeRecharge" name="QTAccount9mobileAirtimeRecharge" time="0.000">
    <skipped/>
  </testcase> <!-- QTAccount9mobileAirtimeRecharge -->
  <testcase classname="com.rebirthQuickteller.TestCases.AirtimeRecharge" name="InsufficentQTAccountAirtimeRecharge" time="0.000">
    <skipped/>
  </testcase> <!-- InsufficentQTAccountAirtimeRecharge -->
  <testcase classname="com.rebirthQuickteller.TestCases.AirtimeRecharge" name="ValidateAirtimeRechargeBelow50naira" time="0.000">
    <skipped/>
  </testcase> <!-- ValidateAirtimeRechargeBelow50naira -->
  <testcase classname="com.rebirthQuickteller.TestCases.AirtimeRecharge" name="OneTouchAirtimeRecharge" time="0.000">
    <skipped/>
  </testcase> <!-- OneTouchAirtimeRecharge -->
  <testcase classname="com.rebirthQuickteller.TestCases.AirtimeRecharge" name="InsufficientOneTouchSelfRecharge" time="0.000">
    <skipped/>
  </testcase> <!-- InsufficientOneTouchSelfRecharge -->
  <testcase classname="com.rebirthQuickteller.TestCases.AirtimeRecharge" name="CardAirtimeRecharge" time="0.000">
    <skipped/>
  </testcase> <!-- CardAirtimeRecharge -->
</testsuite> <!-- com.rebirthQuickteller.TestCases.AirtimeRecharge -->
